<?xml version="1.0" encoding="UTF-8"?>
<testsuites>
  <testsuite name="fastlane.lanes">
    
    
    
      
      <testcase classname="fastlane.lanes" name="0: update_fastlane" time="7.3033606">
        
      </testcase>
    
      
      <testcase classname="fastlane.lanes" name="1: default_platform" time="0.0415234">
        
      </testcase>
    
      
      <testcase classname="fastlane.lanes" name="2: Switch to android build_for_screenshots lane" time="0.0527698">
        
      </testcase>
    
      
      <testcase classname="fastlane.lanes" name="3: assembleDebug assembleAndroidTest" time="17.1692418">
        
          <failure message="C:/Ruby27-x64/lib/ruby/gems/2.7.0/gems/fastlane-2.172.0/fastlane/lib/fastlane/actions/actions_helper.rb:67:in `execute_action'&#10;C:/Ruby27-x64/lib/ruby/gems/2.7.0/gems/fastlane-2.172.0/fastlane/lib/fastlane/runner.rb:255:in `block in execute_action'&#10;C:/Ruby27-x64/lib/ruby/gems/2.7.0/gems/fastlane-2.172.0/fastlane/lib/fastlane/runner.rb:229:in `chdir'&#10;C:/Ruby27-x64/lib/ruby/gems/2.7.0/gems/fastlane-2.172.0/fastlane/lib/fastlane/runner.rb:229:in `execute_action'&#10;C:/Ruby27-x64/lib/ruby/gems/2.7.0/gems/fastlane-2.172.0/fastlane/lib/fastlane/runner.rb:157:in `trigger_action_by_name'&#10;C:/Ruby27-x64/lib/ruby/gems/2.7.0/gems/fastlane-2.172.0/fastlane/lib/fastlane/fast_file.rb:159:in `method_missing'&#10;Fastfile:31:in `block (2 levels) in parsing_binding'&#10;C:/Ruby27-x64/lib/ruby/gems/2.7.0/gems/fastlane-2.172.0/fastlane/lib/fastlane/lane.rb:33:in `call'&#10;C:/Ruby27-x64/lib/ruby/gems/2.7.0/gems/fastlane-2.172.0/fastlane/lib/fastlane/runner.rb:204:in `try_switch_to_lane'&#10;C:/Ruby27-x64/lib/ruby/gems/2.7.0/gems/fastlane-2.172.0/fastlane/lib/fastlane/runner.rb:146:in `trigger_action_by_name'&#10;C:/Ruby27-x64/lib/ruby/gems/2.7.0/gems/fastlane-2.172.0/fastlane/lib/fastlane/fast_file.rb:159:in `method_missing'&#10;Fastfile:67:in `block (2 levels) in parsing_binding'&#10;C:/Ruby27-x64/lib/ruby/gems/2.7.0/gems/fastlane-2.172.0/fastlane/lib/fastlane/lane.rb:33:in `call'&#10;C:/Ruby27-x64/lib/ruby/gems/2.7.0/gems/fastlane-2.172.0/fastlane/lib/fastlane/runner.rb:49:in `block in execute'&#10;C:/Ruby27-x64/lib/ruby/gems/2.7.0/gems/fastlane-2.172.0/fastlane/lib/fastlane/runner.rb:45:in `chdir'&#10;C:/Ruby27-x64/lib/ruby/gems/2.7.0/gems/fastlane-2.172.0/fastlane/lib/fastlane/runner.rb:45:in `execute'&#10;C:/Ruby27-x64/lib/ruby/gems/2.7.0/gems/fastlane-2.172.0/fastlane/lib/fastlane/lane_manager.rb:47:in `cruise_lane'&#10;C:/Ruby27-x64/lib/ruby/gems/2.7.0/gems/fastlane-2.172.0/fastlane/lib/fastlane/command_line_handler.rb:36:in `handle'&#10;C:/Ruby27-x64/lib/ruby/gems/2.7.0/gems/fastlane-2.172.0/fastlane/lib/fastlane/commands_generator.rb:108:in `block (2 levels) in run'&#10;C:/Ruby27-x64/lib/ruby/gems/2.7.0/gems/commander-fastlane-4.4.6/lib/commander/command.rb:178:in `call'&#10;C:/Ruby27-x64/lib/ruby/gems/2.7.0/gems/commander-fastlane-4.4.6/lib/commander/command.rb:153:in `run'&#10;C:/Ruby27-x64/lib/ruby/gems/2.7.0/gems/commander-fastlane-4.4.6/lib/commander/runner.rb:476:in `run_active_command'&#10;C:/Ruby27-x64/lib/ruby/gems/2.7.0/gems/fastlane-2.172.0/fastlane_core/lib/fastlane_core/ui/fastlane_runner.rb:76:in `run!'&#10;C:/Ruby27-x64/lib/ruby/gems/2.7.0/gems/commander-fastlane-4.4.6/lib/commander/delegates.rb:15:in `run!'&#10;C:/Ruby27-x64/lib/ruby/gems/2.7.0/gems/fastlane-2.172.0/fastlane/lib/fastlane/commands_generator.rb:352:in `run'&#10;C:/Ruby27-x64/lib/ruby/gems/2.7.0/gems/fastlane-2.172.0/fastlane/lib/fastlane/commands_generator.rb:41:in `start'&#10;C:/Ruby27-x64/lib/ruby/gems/2.7.0/gems/fastlane-2.172.0/fastlane/lib/fastlane/cli_tools_distributor.rb:122:in `take_off'&#10;C:/Ruby27-x64/lib/ruby/gems/2.7.0/gems/fastlane-2.172.0/bin/fastlane:23:in `&lt;top (required)&gt;'&#10;C:/Ruby27-x64/bin/fastlane:23:in `load'&#10;C:/Ruby27-x64/bin/fastlane:23:in `&lt;main&gt;'&#10;&#10;Exit status of command 'C:/Users/darshan/Documents/flutter_projects/heartry/android/gradlew assembleDebug assembleAndroidTest -p ./android' was 1 instead of 0.&#10;&#10;Welcome to Gradle 5.4.1!&#10;&#10;Here are the highlights of this release:&#10; - Run builds with JDK12&#10; - New API for Incremental Tasks&#10; - Updates to native projects, including Swift 5 support&#10;&#10;For more details see https://docs.gradle.org/5.4.1/release-notes.html&#10;&#10;Starting a Gradle Daemon (subsequent builds will be faster)&#10;java.lang.NoClassDefFoundError: Could not initialize class org.codehaus.groovy.vmplugin.v7.Java7&#10;	at org.codehaus.groovy.vmplugin.VMPluginFactory.&lt;clinit&gt;(VMPluginFactory.java:43)&#10;	at org.codehaus.groovy.reflection.GroovyClassValueFactory.&lt;clinit&gt;(GroovyClassValueFactory.java:35)&#10;	at org.codehaus.groovy.reflection.ClassInfo.&lt;clinit&gt;(ClassInfo.java:109)&#10;	at org.codehaus.groovy.reflection.ReflectionCache.getCachedClass(ReflectionCache.java:95)&#10;	at org.codehaus.groovy.reflection.ReflectionCache.&lt;clinit&gt;(ReflectionCache.java:39)&#10;	at org.codehaus.groovy.runtime.metaclass.MetaClassRegistryImpl.registerMethods(MetaClassRegistryImpl.java:209)&#10;	at org.codehaus.groovy.runtime.metaclass.MetaClassRegistryImpl.&lt;init&gt;(MetaClassRegistryImpl.java:107)&#10;	at org.codehaus.groovy.runtime.metaclass.MetaClassRegistryImpl.&lt;init&gt;(MetaClassRegistryImpl.java:85)&#10;	at groovy.lang.GroovySystem.&lt;clinit&gt;(GroovySystem.java:36)&#10;	at org.codehaus.groovy.runtime.InvokerHelper.&lt;clinit&gt;(InvokerHelper.java:86)&#10;	at groovy.lang.GroovyObjectSupport.getDefaultMetaClass(GroovyObjectSupport.java:59)&#10;	at groovy.lang.GroovyObjectSupport.&lt;init&gt;(GroovyObjectSupport.java:32)&#10;	at org.gradle.internal.extensibility.DefaultExtraPropertiesExtension.&lt;init&gt;(DefaultExtraPropertiesExtension.java:29)&#10;	at org.gradle.internal.extensibility.DefaultConvention.&lt;init&gt;(DefaultConvention.java:48)&#10;	at org.gradle.api.internal.plugins.DefaultConvention.&lt;init&gt;(DefaultConvention.java:28)&#10;	at org.gradle.internal.extensibility.ExtensibleDynamicObject.&lt;init&gt;(ExtensibleDynamicObject.java:60)&#10;	at org.gradle.internal.instantiation.MixInExtensibleDynamicObject.&lt;init&gt;(MixInExtensibleDynamicObject.java:34)&#10;	at org.gradle.initialization.DefaultSettings_Decorated.getAsDynamicObject(Unknown Source)&#10;	at org.gradle.initialization.SettingsFactory.createSettings(SettingsFactory.java:58)&#10;	at org.gradle.initialization.ScriptEvaluatingSettingsProcessor.process(ScriptEvaluatingSettingsProcessor.java:60)&#10;	at org.gradle.initialization.PropertiesLoadingSettingsProcessor.process(PropertiesLoadingSettingsProcessor.java:37)&#10;	at org.gradle.initialization.SettingsEvaluatedCallbackFiringSettingsProcessor.process(SettingsEvaluatedCallbackFiringSettingsProcessor.java:34)&#10;	at org.gradle.initialization.RootBuildCacheControllerSettingsProcessor.process(RootBuildCacheControllerSettingsProcessor.java:36)&#10;	at org.gradle.initialization.BuildOperationSettingsProcessor$2.call(BuildOperationSettingsProcessor.java:50)&#10;	at org.gradle.initialization.BuildOperationSettingsProcessor$2.call(BuildOperationSettingsProcessor.java:47)&#10;	at org.gradle.internal.operations.DefaultBuildOperationExecutor$CallableBuildOperationWorker.execute(DefaultBuildOperationExecutor.java:416)&#10;	at org.gradle.internal.operations.DefaultBuildOperationExecutor$CallableBuildOperationWorker.execute(DefaultBuildOperationExecutor.java:406)&#10;	at org.gradle.internal.operations.DefaultBuildOperationExecutor$1.execute(DefaultBuildOperationExecutor.java:165)&#10;	at org.gradle.internal.operations.DefaultBuildOperationExecutor.execute(DefaultBuildOperationExecutor.java:250)&#10;	at org.gradle.internal.operations.DefaultBuildOperationExecutor.execute(DefaultBuildOperationExecutor.java:158)&#10;	at org.gradle.internal.operations.DefaultBuildOperationExecutor.call(DefaultBuildOperationExecutor.java:102)&#10;	at org.gradle.internal.operations.DelegatingBuildOperationExecutor.call(DelegatingBuildOperationExecutor.java:36)&#10;	at org.gradle.initialization.BuildOperationSettingsProcessor.process(BuildOperationSettingsProcessor.java:47)&#10;	at org.gradle.initialization.DefaultSettingsLoader.findSettingsAndLoadIfAppropriate(DefaultSettingsLoader.java:104)&#10;	at org.gradle.initialization.DefaultSettingsLoader.findAndLoadSettings(DefaultSettingsLoader.java:45)&#10;	at org.gradle.initialization.SettingsAttachingSettingsLoader.findAndLoadSettings(SettingsAttachingSettingsLoader.java:35)&#10;	at org.gradle.internal.composite.CommandLineIncludedBuildSettingsLoader.findAndLoadSettings(CommandLineIncludedBuildSettingsLoader.java:34)&#10;	at org.gradle.internal.composite.ChildBuildRegisteringSettingsLoader.findAndLoadSettings(ChildBuildRegisteringSettingsLoader.java:47)&#10;	at org.gradle.internal.composite.CompositeBuildSettingsLoader.findAndLoadSettings(CompositeBuildSettingsLoader.java:35)&#10;	at org.gradle.initialization.DefaultGradleLauncher$LoadBuild.run(DefaultGradleLauncher.java:277)&#10;	at org.gradle.internal.operations.DefaultBuildOperationExecutor$RunnableBuildOperationWorker.execute(DefaultBuildOperationExecutor.java:402)&#10;	at org.gradle.internal.operations.DefaultBuildOperationExecutor$RunnableBuildOperationWorker.execute(DefaultBuildOperationExecutor.java:394)&#10;	at org.gradle.internal.operations.DefaultBuildOperationExecutor$1.execute(DefaultBuildOperationExecutor.java:165)&#10;	at org.gradle.internal.operations.DefaultBuildOperationExecutor.execute(DefaultBuildOperationExecutor.java:250)&#10;	at org.gradle.internal.operations.DefaultBuildOperationExecutor.execute(DefaultBuildOperationExecutor.java:158)&#10;	at org.gradle.internal.operations.DefaultBuildOperationExecutor.run(DefaultBuildOperationExecutor.java:92)&#10;	at org.gradle.internal.operations.DelegatingBuildOperationExecutor.run(DelegatingBuildOperationExecutor.java:31)&#10;	at org.gradle.initialization.DefaultGradleLauncher.loadSettings(DefaultGradleLauncher.java:202)&#10;	at org.gradle.initialization.DefaultGradleLauncher.doBuildStages(DefaultGradleLauncher.java:147)&#10;	at org.gradle.initialization.DefaultGradleLauncher.executeTasks(DefaultGradleLauncher.java:134)&#10;	at org.gradle.internal.invocation.GradleBuildController$1.execute(GradleBuildController.java:58)&#10;	at org.gradle.internal.invocation.GradleBuildController$1.execute(GradleBuildController.java:55)&#10;	at org.gradle.internal.invocation.GradleBuildController$3.create(GradleBuildController.java:82)&#10;	at org.gradle.internal.invocation.GradleBuildController$3.create(GradleBuildController.java:75)&#10;	at org.gradle.internal.work.DefaultWorkerLeaseService.withLocks(DefaultWorkerLeaseService.java:183)&#10;	at org.gradle.internal.work.StopShieldingWorkerLeaseService.withLocks(StopShieldingWorkerLeaseService.java:40)&#10;	at org.gradle.internal.invocation.GradleBuildController.doBuild(GradleBuildController.java:75)&#10;	at org.gradle.internal.invocation.GradleBuildController.run(GradleBuildController.java:55)&#10;	at org.gradle.tooling.internal.provider.ExecuteBuildActionRunner.run(ExecuteBuildActionRunner.java:31)&#10;	at org.gradle.launcher.exec.ChainingBuildActionRunner.run(ChainingBuildActionRunner.java:35)&#10;	at org.gradle.launcher.exec.BuildOutcomeReportingBuildActionRunner.run(BuildOutcomeReportingBuildActionRunner.java:58)&#10;	at org.gradle.tooling.internal.provider.ValidatingBuildActionRunner.run(ValidatingBuildActionRunner.java:32)&#10;	at org.gradle.launcher.exec.BuildCompletionNotifyingBuildActionRunner.run(BuildCompletionNotifyingBuildActionRunner.java:39)&#10;	at org.gradle.launcher.exec.RunAsBuildOperationBuildActionRunner$3.call(RunAsBuildOperationBuildActionRunner.java:51)&#10;	at org.gradle.launcher.exec.RunAsBuildOperationBuildActionRunner$3.call(RunAsBuildOperationBuildActionRunner.java:45)&#10;	at org.gradle.internal.operations.DefaultBuildOperationExecutor$CallableBuildOperationWorker.execute(DefaultBuildOperationExecutor.java:416)&#10;	at org.gradle.internal.operations.DefaultBuildOperationExecutor$CallableBuildOperationWorker.execute(DefaultBuildOperationExecutor.java:406)&#10;	at org.gradle.internal.operations.DefaultBuildOperationExecutor$1.execute(DefaultBuildOperationExecutor.java:165)&#10;	at org.gradle.internal.operations.DefaultBuildOperationExecutor.execute(DefaultBuildOperationExecutor.java:250)&#10;	at org.gradle.internal.operations.DefaultBuildOperationExecutor.execute(DefaultBuildOperationExecutor.java:158)&#10;	at org.gradle.internal.operations.DefaultBuildOperationExecutor.call(DefaultBuildOperationExecutor.java:102)&#10;	at org.gradle.internal.operations.DelegatingBuildOperationExecutor.call(DelegatingBuildOperationExecutor.java:36)&#10;	at org.gradle.launcher.exec.RunAsBuildOperationBuildActionRunner.run(RunAsBuildOperationBuildActionRunner.java:45)&#10;	at org.gradle.launcher.exec.InProcessBuildActionExecuter$1.transform(InProcessBuildActionExecuter.java:49)&#10;	at org.gradle.launcher.exec.InProcessBuildActionExecuter$1.transform(InProcessBuildActionExecuter.java:46)&#10;	at org.gradle.composite.internal.DefaultRootBuildState.run(DefaultRootBuildState.java:78)&#10;	at org.gradle.launcher.exec.InProcessBuildActionExecuter.execute(InProcessBuildActionExecuter.java:46)&#10;	at org.gradle.launcher.exec.InProcessBuildActionExecuter.execute(InProcessBuildActionExecuter.java:31)&#10;	at org.gradle.launcher.exec.BuildTreeScopeBuildActionExecuter.execute(BuildTreeScopeBuildActionExecuter.java:42)&#10;	at org.gradle.launcher.exec.BuildTreeScopeBuildActionExecuter.execute(BuildTreeScopeBuildActionExecuter.java:28)&#10;	at org.gradle.tooling.internal.provider.ContinuousBuildActionExecuter.execute(ContinuousBuildActionExecuter.java:78)&#10;	at org.gradle.tooling.internal.provider.ContinuousBuildActionExecuter.execute(ContinuousBuildActionExecuter.java:52)&#10;	at org.gradle.tooling.internal.provider.SubscribableBuildActionExecuter.execute(SubscribableBuildActionExecuter.java:59)&#10;	at org.gradle.tooling.internal.provider.SubscribableBuildActionExecuter.execute(SubscribableBuildActionExecuter.java:36)&#10;	at org.gradle.tooling.internal.provider.SessionScopeBuildActionExecuter.execute(SessionScopeBuildActionExecuter.java:68)&#10;	at org.gradle.tooling.internal.provider.SessionScopeBuildActionExecuter.execute(SessionScopeBuildActionExecuter.java:38)&#10;	at org.gradle.tooling.internal.provider.GradleThreadBuildActionExecuter.execute(GradleThreadBuildActionExecuter.java:37)&#10;	at org.gradle.tooling.internal.provider.GradleThreadBuildActionExecuter.execute(GradleThreadBuildActionExecuter.java:26)&#10;	at org.gradle.tooling.internal.provider.ParallelismConfigurationBuildActionExecuter.execute(ParallelismConfigurationBuildActionExecuter.java:43)&#10;	at org.gradle.tooling.internal.provider.ParallelismConfigurationBuildActionExecuter.execute(ParallelismConfigurationBuildActionExecuter.java:29)&#10;	at org.gradle.tooling.internal.provider.StartParamsValidatingActionExecuter.execute(StartParamsValidatingActionExecuter.java:60)&#10;	at org.gradle.tooling.internal.provider.StartParamsValidatingActionExecuter.execute(StartParamsValidatingActionExecuter.java:32)&#10;	at org.gradle.tooling.internal.provider.SessionFailureReportingActionExecuter.execute(SessionFailureReportingActionExecuter.java:55)&#10;	at org.gradle.tooling.internal.provider.SessionFailureReportingActionExecuter.execute(SessionFailureReportingActionExecuter.java:41)&#10;	at org.gradle.tooling.internal.provider.SetupLoggingActionExecuter.execute(SetupLoggingActionExecuter.java:48)&#10;	at org.gradle.tooling.internal.provider.SetupLoggingActionExecuter.execute(SetupLoggingActionExecuter.java:32)&#10;	at org.gradle.launcher.daemon.server.exec.ExecuteBuild.doBuild(ExecuteBuild.java:67)&#10;	at org.gradle.launcher.daemon.server.exec.BuildCommandOnly.execute(BuildCommandOnly.java:36)&#10;	at org.gradle.launcher.daemon.server.api.DaemonCommandExecution.proceed(DaemonCommandExecution.java:104)&#10;	at org.gradle.launcher.daemon.server.exec.WatchForDisconnection.execute(WatchForDisconnection.java:37)&#10;	at org.gradle.launcher.daemon.server.api.DaemonCommandExecution.proceed(DaemonCommandExecution.java:104)&#10;	at org.gradle.launcher.daemon.server.exec.ResetDeprecationLogger.execute(ResetDeprecationLogger.java:26)&#10;	at org.gradle.launcher.daemon.server.api.DaemonCommandExecution.proceed(DaemonCommandExecution.java:104)&#10;	at org.gradle.launcher.daemon.server.exec.RequestStopIfSingleUsedDaemon.execute(RequestStopIfSingleUsedDaemon.java:34)&#10;	at org.gradle.launcher.daemon.server.api.DaemonCommandExecution.proceed(DaemonCommandExecution.java:104)&#10;	at org.gradle.launcher.daemon.server.exec.ForwardClientInput$2.call(ForwardClientInput.java:74)&#10;	at org.gradle.launcher.daemon.server.exec.ForwardClientInput$2.call(ForwardClientInput.java:72)&#10;	at org.gradle.util.Swapper.swap(Swapper.java:38)&#10;	at org.gradle.launcher.daemon.server.exec.ForwardClientInput.execute(ForwardClientInput.java:72)&#10;	at org.gradle.launcher.daemon.server.api.DaemonCommandExecution.proceed(DaemonCommandExecution.java:104)&#10;	at org.gradle.launcher.daemon.server.exec.LogAndCheckHealth.execute(LogAndCheckHealth.java:55)&#10;	at org.gradle.launcher.daemon.server.api.DaemonCommandExecution.proceed(DaemonCommandExecution.java:104)&#10;	at org.gradle.launcher.daemon.server.exec.LogToClient.doBuild(LogToClient.java:62)&#10;	at org.gradle.launcher.daemon.server.exec.BuildCommandOnly.execute(BuildCommandOnly.java:36)&#10;	at org.gradle.launcher.daemon.server.api.DaemonCommandExecution.proceed(DaemonCommandExecution.java:104)&#10;	at org.gradle.launcher.daemon.server.exec.EstablishBuildEnvironment.doBuild(EstablishBuildEnvironment.java:81)&#10;	at org.gradle.launcher.daemon.server.exec.BuildCommandOnly.execute(BuildCommandOnly.java:36)&#10;	at org.gradle.launcher.daemon.server.api.DaemonCommandExecution.proceed(DaemonCommandExecution.java:104)&#10;	at org.gradle.launcher.daemon.server.exec.StartBuildOrRespondWithBusy$1.run(StartBuildOrRespondWithBusy.java:50)&#10;	at org.gradle.launcher.daemon.server.DaemonStateCoordinator$1.run(DaemonStateCoordinator.java:295)&#10;	at org.gradle.internal.concurrent.ExecutorPolicy$CatchAndRecordFailures.onExecute(ExecutorPolicy.java:63)&#10;	at org.gradle.internal.concurrent.ManagedExecutorImpl$1.run(ManagedExecutorImpl.java:46)&#10;	at java.base/java.util.concurrent.ThreadPoolExecutor.runWorker(ThreadPoolExecutor.java:1130)&#10;	at java.base/java.util.concurrent.ThreadPoolExecutor$Worker.run(ThreadPoolExecutor.java:630)&#10;	at org.gradle.internal.concurrent.ThreadFactoryImpl$ManagedThreadRunnable.run(ThreadFactoryImpl.java:55)&#10;	at java.base/java.lang.Thread.run(Thread.java:832)&#10;&#10;FAILURE: Build failed with an exception.&#10;&#10;* What went wrong:&#10;Could not initialize class org.codehaus.groovy.reflection.ReflectionCache&#10;&#10;* Try:&#10;Run with --stacktrace option to get the stack trace. Run with --info or --debug option to get more log output. Run with --scan to get full insights.&#10;&#10;* Get more help at https://help.gradle.org&#10;&#10;BUILD FAILED in 11s&#10;" />
        
      </testcase>
    
  </testsuite>
</testsuites>
